<?xml version="1.0" encoding="UTF-8"?>
<!-- Generated by org.testng.reporters.JUnitReportReporter -->
<testsuite skipped="0" hostname="Ibrahims-MacBook-Air.local" name="test.LoginTest" tests="4" failures="0" timestamp="14 Jan 2018 04:08:25 GMT" time="19.111" errors="0">
  <testcase name="loginWithEmptyCredentials" time="4.472" classname="test.LoginTest"/>
  <testcase name="loginWithValidCredentials" time="4.046" classname="test.LoginTest"/>
  <testcase name="loginWithInvalidPassword" time="4.108" classname="test.LoginTest"/>
  <testcase name="loginWthInvalidUsername" time="6.485" classname="test.LoginTest"/>
</testsuite> <!-- test.LoginTest -->
